#
# There is insufficient memory for the Java Runtime Environment to continue.
# Native memory allocation (malloc) failed to allocate 600000 bytes. Error detail: Chunk::new
# Possible reasons:
#   The system is out of physical RAM or swap space
#   This process is running with CompressedOops enabled, and the Java Heap may be blocking the growth of the native heap
# Possible solutions:
#   Reduce memory load on the system
#   Increase physical memory or swap space
#   Check if swap backing store is full
#   Decrease Java heap size (-Xmx/-Xms)
#   Decrease number of Java threads
#   Decrease Java thread stack sizes (-Xss)
#   Set larger code cache with -XX:ReservedCodeCacheSize=
#   JVM is running with Unscaled Compressed Oops mode in which the Java heap is
#     placed in the first 4GB address space. The Java Heap base address is the
#     maximum limit for the native heap growth. Please use -XX:HeapBaseMinAddress
#     to set the Java Heap base and to place the Java Heap above 4GB virtual address.
# This output file may be truncated or incomplete.
#
#  Out of Memory Error (arena.cpp:191), pid=2324, tid=15388
#
# JRE version: OpenJDK Runtime Environment Temurin-17.0.13+11 (17.0.13+11) (build 17.0.13+11)
# Java VM: OpenJDK 64-Bit Server VM Temurin-17.0.13+11 (17.0.13+11, mixed mode, tiered, compressed oops, compressed class ptrs, parallel gc, windows-amd64)
# No core dump will be written. Minidumps are not enabled by default on client versions of Windows
#

---------------  S U M M A R Y ------------

Command Line: --add-modules=ALL-SYSTEM --add-opens=java.base/java.util=ALL-UNNAMED --add-opens=java.base/java.lang=ALL-UNNAMED --add-opens=java.base/sun.nio.fs=ALL-UNNAMED -Declipse.application=org.eclipse.jdt.ls.core.id1 -Dosgi.bundles.defaultStartLevel=4 -Declipse.product=org.eclipse.jdt.ls.core.product -Djava.import.generatesMetadataFilesAtProjectRoot=false -DDetectVMInstallationsJob.disabled=true -Dfile.encoding=utf8 -XX:+UseParallelGC -XX:GCTimeRatio=4 -XX:AdaptiveSizePolicyWeight=90 -Dsun.zip.disableMemoryMapping=true -Xmx1G -Xms100m -Xlog:disable -javaagent:c:\Users\mohammed\.vscode\extensions\redhat.java-1.36.0-win32-x64\lombok\lombok-1.18.35.jar -XX:+HeapDumpOnOutOfMemoryError -XX:HeapDumpPath=c:\Users\mohammed\AppData\Roaming\Code\User\workspaceStorage\0e49ef0006c265f852caf844c994fd11\redhat.java -Daether.dependencyCollector.impl=bf c:\Users\mohammed\.vscode\extensions\redhat.java-1.36.0-win32-x64\server\plugins\org.eclipse.equinox.launcher_1.6.900.v20240613-2009.jar -configuration c:\Users\mohammed\AppData\Roaming\Code\User\globalStorage\redhat.java\1.36.0\config_win -data c:\Users\mohammed\AppData\Roaming\Code\User\workspaceStorage\0e49ef0006c265f852caf844c994fd11\redhat.java\jdt_ws --pipe=\\.\pipe\lsp-4be24f8cda91fe0b654e96b6418d61b7-sock

Host: 11th Gen Intel(R) Core(TM) i7-1165G7 @ 2.80GHz, 8 cores, 31G,  Windows 11 , 64 bit Build 22621 (10.0.22621.4391)
Time: Fri Nov 22 14:03:31 2024 Morocco Daylight Time elapsed time: 4.435165 seconds (0d 0h 0m 4s)

---------------  T H R E A D  ---------------

Current thread (0x0000020b62e31900):  JavaThread "C2 CompilerThread0" daemon [_thread_in_native, id=15388, stack(0x0000006c10a00000,0x0000006c10b00000)]


Current CompileTask:
C2:   4435 2731 %     4       java.util.zip.ZipFile$Source::initCEN @ 240 (591 bytes)

Stack: [0x0000006c10a00000,0x0000006c10b00000]
Native frames: (J=compiled Java code, j=interpreted, Vv=VM code, C=native code)
V  [jvm.dll+0x682a19]
V  [jvm.dll+0x839538]
V  [jvm.dll+0x83afe3]
V  [jvm.dll+0x83b653]
V  [jvm.dll+0x24704f]
V  [jvm.dll+0xace34]
V  [jvm.dll+0xad4cc]
V  [jvm.dll+0x36597e]
V  [jvm.dll+0x32fbd8]
V  [jvm.dll+0x32f05a]
V  [jvm.dll+0x21804f]
V  [jvm.dll+0x21748f]
V  [jvm.dll+0x1a3070]
V  [jvm.dll+0x22788c]
V  [jvm.dll+0x2259eb]
V  [jvm.dll+0x7eec98]
V  [jvm.dll+0x7e8ffc]
V  [jvm.dll+0x6818f7]
C  [ucrtbase.dll+0x29333]
C  [KERNEL32.DLL+0x1259d]
C  [ntdll.dll+0x5af38]


---------------  P R O C E S S  ---------------

Threads class SMR info:
_java_thread_list=0x0000020b64d02ed0, length=19, elements={
0x0000020b49ed8730, 0x0000020b49f7e930, 0x0000020b5dd58cc0, 0x0000020b62e2ee90,
0x0000020b62e2f860, 0x0000020b62e30330, 0x0000020b62e30d00, 0x0000020b62e31900,
0x0000020b62ebe5f0, 0x0000020b62ec67d0, 0x0000020b62f575d0, 0x0000020b630fff90,
0x0000020b649bc290, 0x0000020b64206030, 0x0000020b649a34f0, 0x0000020b649a3da0,
0x0000020b64e99240, 0x0000020b652c7170, 0x0000020b652c5820
}

Java Threads: ( => current thread )
  0x0000020b49ed8730 JavaThread "main" [_thread_blocked, id=14944, stack(0x0000006c10100000,0x0000006c10200000)]
  0x0000020b49f7e930 JavaThread "Reference Handler" daemon [_thread_blocked, id=20604, stack(0x0000006c10400000,0x0000006c10500000)]
  0x0000020b5dd58cc0 JavaThread "Finalizer" daemon [_thread_blocked, id=26184, stack(0x0000006c10500000,0x0000006c10600000)]
  0x0000020b62e2ee90 JavaThread "Signal Dispatcher" daemon [_thread_blocked, id=29464, stack(0x0000006c10600000,0x0000006c10700000)]
  0x0000020b62e2f860 JavaThread "Attach Listener" daemon [_thread_blocked, id=15396, stack(0x0000006c10700000,0x0000006c10800000)]
  0x0000020b62e30330 JavaThread "Service Thread" daemon [_thread_blocked, id=25184, stack(0x0000006c10800000,0x0000006c10900000)]
  0x0000020b62e30d00 JavaThread "Monitor Deflation Thread" daemon [_thread_blocked, id=3464, stack(0x0000006c10900000,0x0000006c10a00000)]
=>0x0000020b62e31900 JavaThread "C2 CompilerThread0" daemon [_thread_in_native, id=15388, stack(0x0000006c10a00000,0x0000006c10b00000)]
  0x0000020b62ebe5f0 JavaThread "C1 CompilerThread0" daemon [_thread_blocked, id=24600, stack(0x0000006c10b00000,0x0000006c10c00000)]
  0x0000020b62ec67d0 JavaThread "Sweeper thread" daemon [_thread_blocked, id=9416, stack(0x0000006c10c00000,0x0000006c10d00000)]
  0x0000020b62f575d0 JavaThread "Common-Cleaner" daemon [_thread_blocked, id=3324, stack(0x0000006c10d00000,0x0000006c10e00000)]
  0x0000020b630fff90 JavaThread "Notification Thread" daemon [_thread_blocked, id=11216, stack(0x0000006c10e00000,0x0000006c10f00000)]
  0x0000020b649bc290 JavaThread "Active Thread: Equinox Container: 62ff1cbd-f198-48aa-ab0c-969602996259" [_thread_blocked, id=17392, stack(0x0000006c11700000,0x0000006c11800000)]
  0x0000020b64206030 JavaThread "Refresh Thread: Equinox Container: 62ff1cbd-f198-48aa-ab0c-969602996259" daemon [_thread_blocked, id=30104, stack(0x0000006c11900000,0x0000006c11a00000)]
  0x0000020b649a34f0 JavaThread "Framework Event Dispatcher: Equinox Container: 62ff1cbd-f198-48aa-ab0c-969602996259" daemon [_thread_blocked, id=31420, stack(0x0000006c11a00000,0x0000006c11b00000)]
  0x0000020b649a3da0 JavaThread "Start Level: Equinox Container: 62ff1cbd-f198-48aa-ab0c-969602996259" daemon [_thread_in_Java, id=5956, stack(0x0000006c11b00000,0x0000006c11c00000)]
  0x0000020b64e99240 JavaThread "Bundle File Closer" daemon [_thread_blocked, id=10112, stack(0x0000006c11800000,0x0000006c11900000)]
  0x0000020b652c7170 JavaThread "SCR Component Actor" daemon [_thread_blocked, id=17092, stack(0x0000006c11d00000,0x0000006c11e00000)]
  0x0000020b652c5820 JavaThread "SCR Component Registry" daemon [_thread_blocked, id=25176, stack(0x0000006c11e00000,0x0000006c11f00000)]

Other Threads:
  0x0000020b49f620b0 VMThread "VM Thread" [stack: 0x0000006c10300000,0x0000006c10400000] [id=22536]
  0x0000020b630fd2c0 WatcherThread [stack: 0x0000006c10f00000,0x0000006c11000000] [id=10952]
  0x0000020b49eeb5f0 GCTaskThread "GC Thread#0" [stack: 0x0000006c10200000,0x0000006c10300000] [id=13404]
  0x0000020b64538200 GCTaskThread "GC Thread#1" [stack: 0x0000006c11100000,0x0000006c11200000] [id=22924]
  0x0000020b6410a860 GCTaskThread "GC Thread#2" [stack: 0x0000006c11200000,0x0000006c11300000] [id=12300]
  0x0000020b6410ab20 GCTaskThread "GC Thread#3" [stack: 0x0000006c11300000,0x0000006c11400000] [id=29264]
  0x0000020b64219010 GCTaskThread "GC Thread#4" [stack: 0x0000006c11400000,0x0000006c11500000] [id=27020]
  0x0000020b642192d0 GCTaskThread "GC Thread#5" [stack: 0x0000006c11500000,0x0000006c11600000] [id=24908]
  0x0000020b64219590 GCTaskThread "GC Thread#6" [stack: 0x0000006c11600000,0x0000006c11700000] [id=26744]
  0x0000020b64a1b360 GCTaskThread "GC Thread#7" [stack: 0x0000006c11c00000,0x0000006c11d00000] [id=19308]

Threads with active compile tasks:
C2 CompilerThread0     4454 2731 %     4       java.util.zip.ZipFile$Source::initCEN @ 240 (591 bytes)

VM state: not at safepoint (normal execution)

VM Mutex/Monitor currently owned by a thread: None

Heap address: 0x00000000c0000000, size: 1024 MB, Compressed Oops mode: 32-bit

CDS archive(s) not mapped
Compressed class space mapped at: 0x0000000100000000-0x0000000140000000, reserved size: 1073741824
Narrow klass base: 0x0000000000000000, Narrow klass shift: 3, Narrow klass range: 0x140000000

GC Precious Log:
 CPUs: 8 total, 8 available
 Memory: 32469M
 Large Page Support: Disabled
 NUMA Support: Disabled
 Compressed Oops: Enabled (32-bit)
 Alignments: Space 512K, Generation 512K, Heap 2M
 Heap Min Capacity: 100M
 Heap Initial Capacity: 100M
 Heap Max Capacity: 1G
 Pre-touch: Disabled
 Parallel Workers: 8

Heap:
 PSYoungGen      total 29696K, used 11142K [0x00000000eab00000, 0x00000000ecc00000, 0x0000000100000000)
  eden space 25600K, 27% used [0x00000000eab00000,0x00000000eb1e4b18,0x00000000ec400000)
  from space 4096K, 99% used [0x00000000ec800000,0x00000000ecbfce40,0x00000000ecc00000)
  to   space 4096K, 0% used [0x00000000ec400000,0x00000000ec400000,0x00000000ec800000)
 ParOldGen       total 68608K, used 6411K [0x00000000c0000000, 0x00000000c4300000, 0x00000000eab00000)
  object space 68608K, 9% used [0x00000000c0000000,0x00000000c0642f50,0x00000000c4300000)
 Metaspace       used 20426K, committed 20800K, reserved 1114112K
  class space    used 2056K, committed 2176K, reserved 1048576K

Card table byte_map: [0x0000020b49890000,0x0000020b49aa0000] _byte_map_base: 0x0000020b49290000

Marking Bits: (ParMarkBitMap*) 0x00007ff859996940
 Begin Bits: [0x0000020b5bb60000, 0x0000020b5cb60000)
 End Bits:   [0x0000020b5cb60000, 0x0000020b5db60000)

Polling page: 0x0000020b49680000

Metaspace:

Usage:
  Non-class:     17.95 MB used.
      Class:      2.01 MB used.
       Both:     19.96 MB used.

Virtual space:
  Non-class space:       64.00 MB reserved,      18.19 MB ( 28%) committed,  1 nodes.
      Class space:        1.00 GB reserved,       2.12 MB ( <1%) committed,  1 nodes.
             Both:        1.06 GB reserved,      20.31 MB (  2%) committed. 

Chunk freelists:
   Non-Class:  13.17 MB
       Class:  13.75 MB
        Both:  26.92 MB

MaxMetaspaceSize: unlimited
CompressedClassSpaceSize: 1.00 GB
Initial GC threshold: 21.00 MB
Current GC threshold: 21.00 MB
CDS: off
MetaspaceReclaimPolicy: balanced
 - commit_granule_bytes: 65536.
 - commit_granule_words: 8192.
 - virtual_space_node_default_size: 8388608.
 - enlarge_chunks_in_place: 1.
 - new_chunks_are_fully_committed: 0.
 - uncommit_free_chunks: 1.
 - use_allocation_guard: 0.
 - handle_deallocations: 1.


Internal statistics:

num_allocs_failed_limit: 0.
num_arena_births: 204.
num_arena_deaths: 0.
num_vsnodes_births: 2.
num_vsnodes_deaths: 0.
num_space_committed: 325.
num_space_uncommitted: 0.
num_chunks_returned_to_freelist: 0.
num_chunks_taken_from_freelist: 632.
num_chunk_merges: 0.
num_chunk_splits: 403.
num_chunks_enlarged: 282.
num_inconsistent_stats: 0.

CodeHeap 'non-profiled nmethods': size=120000Kb used=1170Kb max_used=1170Kb free=118829Kb
 bounds [0x0000020b54630000, 0x0000020b548a0000, 0x0000020b5bb60000]
CodeHeap 'profiled nmethods': size=120000Kb used=5450Kb max_used=5450Kb free=114549Kb
 bounds [0x0000020b4cb60000, 0x0000020b4d0c0000, 0x0000020b54090000]
CodeHeap 'non-nmethods': size=5760Kb used=1192Kb max_used=1210Kb free=4567Kb
 bounds [0x0000020b54090000, 0x0000020b54300000, 0x0000020b54630000]
 total_blobs=3232 nmethods=2750 adapters=396
 compilation: enabled
              stopped_count=0, restarted_count=0
 full_count=0

Compilation events (20 events):
Event: 4.387 Thread 0x0000020b62ebe5f0 2738       3       java.util.LinkedList::node (65 bytes)
Event: 4.387 Thread 0x0000020b62ebe5f0 nmethod 2738 0x0000020b4d0a5b10 code [0x0000020b4d0a5cc0, 0x0000020b4d0a5f98]
Event: 4.391 Thread 0x0000020b62ebe5f0 2740       3       org.eclipse.osgi.internal.loader.classpath.ClasspathManager::definePackage (162 bytes)
Event: 4.392 Thread 0x0000020b62ebe5f0 nmethod 2740 0x0000020b4d0a6110 code [0x0000020b4d0a63a0, 0x0000020b4d0a6fb8]
Event: 4.392 Thread 0x0000020b62ebe5f0 2741   !   3       org.eclipse.osgi.internal.loader.ModuleClassLoader::publicGetPackage (18 bytes)
Event: 4.392 Thread 0x0000020b62ebe5f0 nmethod 2741 0x0000020b4d0a7610 code [0x0000020b4d0a77c0, 0x0000020b4d0a7a48]
Event: 4.392 Thread 0x0000020b62ebe5f0 2742   !   3       org.eclipse.osgi.internal.weaving.WeavingHookConfigurator::processClass (245 bytes)
Event: 4.394 Thread 0x0000020b62ebe5f0 nmethod 2742 0x0000020b4d0a7b90 code [0x0000020b4d0a7f40, 0x0000020b4d0a9bd8]
Event: 4.394 Thread 0x0000020b62ebe5f0 2743       3       org.eclipse.osgi.internal.weaving.WeavingHookConfigurator::getRegistry (8 bytes)
Event: 4.394 Thread 0x0000020b62ebe5f0 nmethod 2743 0x0000020b4d0aaa10 code [0x0000020b4d0aabc0, 0x0000020b4d0aae18]
Event: 4.394 Thread 0x0000020b62ebe5f0 2744       3       org.eclipse.osgi.internal.weaving.WovenClassImpl::<init> (80 bytes)
Event: 4.395 Thread 0x0000020b62ebe5f0 nmethod 2744 0x0000020b4d0aaf90 code [0x0000020b4d0ab180, 0x0000020b4d0ab828]
Event: 4.395 Thread 0x0000020b62ebe5f0 2745       3       org.eclipse.osgi.internal.weaving.DynamicImportList::<init> (22 bytes)
Event: 4.395 Thread 0x0000020b62ebe5f0 nmethod 2745 0x0000020b4d0abb10 code [0x0000020b4d0abcc0, 0x0000020b4d0abfc8]
Event: 4.416 Thread 0x0000020b62ebe5f0 2746       3       org.eclipse.osgi.internal.weaving.WovenClassImpl::validBytes (74 bytes)
Event: 4.416 Thread 0x0000020b62ebe5f0 nmethod 2746 0x0000020b4d0ac110 code [0x0000020b4d0ac2e0, 0x0000020b4d0ac6d8]
Event: 4.416 Thread 0x0000020b62ebe5f0 2747       3       org.eclipse.osgi.internal.weaving.DynamicImportList::size (10 bytes)
Event: 4.416 Thread 0x0000020b62ebe5f0 nmethod 2747 0x0000020b4d0ac810 code [0x0000020b4d0ac9c0, 0x0000020b4d0acb88]
Event: 4.416 Thread 0x0000020b62ebe5f0 2748   !   3       org.eclipse.osgi.internal.weaving.WovenClassImpl::call (123 bytes)
Event: 4.417 Thread 0x0000020b62ebe5f0 nmethod 2748 0x0000020b4d0acc90 code [0x0000020b4d0acec0, 0x0000020b4d0ad6e8]

GC Heap History (8 events):
Event: 1.377 GC heap before
{Heap before GC invocations=1 (full 0):
 PSYoungGen      total 29696K, used 25600K [0x00000000eab00000, 0x00000000ecc00000, 0x0000000100000000)
  eden space 25600K, 100% used [0x00000000eab00000,0x00000000ec400000,0x00000000ec400000)
  from space 4096K, 0% used [0x00000000ec800000,0x00000000ec800000,0x00000000ecc00000)
  to   space 4096K, 0% used [0x00000000ec400000,0x00000000ec400000,0x00000000ec800000)
 ParOldGen       total 68608K, used 0K [0x00000000c0000000, 0x00000000c4300000, 0x00000000eab00000)
  object space 68608K, 0% used [0x00000000c0000000,0x00000000c0000000,0x00000000c4300000)
 Metaspace       used 10918K, committed 11072K, reserved 1114112K
  class space    used 1085K, committed 1152K, reserved 1048576K
}
Event: 1.407 GC heap after
{Heap after GC invocations=1 (full 0):
 PSYoungGen      total 29696K, used 3140K [0x00000000eab00000, 0x00000000ecc00000, 0x0000000100000000)
  eden space 25600K, 0% used [0x00000000eab00000,0x00000000eab00000,0x00000000ec400000)
  from space 4096K, 76% used [0x00000000ec400000,0x00000000ec711340,0x00000000ec800000)
  to   space 4096K, 0% used [0x00000000ec800000,0x00000000ec800000,0x00000000ecc00000)
 ParOldGen       total 68608K, used 0K [0x00000000c0000000, 0x00000000c4300000, 0x00000000eab00000)
  object space 68608K, 0% used [0x00000000c0000000,0x00000000c0000000,0x00000000c4300000)
 Metaspace       used 10918K, committed 11072K, reserved 1114112K
  class space    used 1085K, committed 1152K, reserved 1048576K
}
Event: 2.324 GC heap before
{Heap before GC invocations=2 (full 0):
 PSYoungGen      total 29696K, used 28740K [0x00000000eab00000, 0x00000000ecc00000, 0x0000000100000000)
  eden space 25600K, 100% used [0x00000000eab00000,0x00000000ec400000,0x00000000ec400000)
  from space 4096K, 76% used [0x00000000ec400000,0x00000000ec711340,0x00000000ec800000)
  to   space 4096K, 0% used [0x00000000ec800000,0x00000000ec800000,0x00000000ecc00000)
 ParOldGen       total 68608K, used 0K [0x00000000c0000000, 0x00000000c4300000, 0x00000000eab00000)
  object space 68608K, 0% used [0x00000000c0000000,0x00000000c0000000,0x00000000c4300000)
 Metaspace       used 14385K, committed 14592K, reserved 1114112K
  class space    used 1440K, committed 1536K, reserved 1048576K
}
Event: 2.330 GC heap after
{Heap after GC invocations=2 (full 0):
 PSYoungGen      total 29696K, used 4067K [0x00000000eab00000, 0x00000000ecc00000, 0x0000000100000000)
  eden space 25600K, 0% used [0x00000000eab00000,0x00000000eab00000,0x00000000ec400000)
  from space 4096K, 99% used [0x00000000ec800000,0x00000000ecbf8ff0,0x00000000ecc00000)
  to   space 4096K, 0% used [0x00000000ec400000,0x00000000ec400000,0x00000000ec800000)
 ParOldGen       total 68608K, used 1582K [0x00000000c0000000, 0x00000000c4300000, 0x00000000eab00000)
  object space 68608K, 2% used [0x00000000c0000000,0x00000000c018bb80,0x00000000c4300000)
 Metaspace       used 14385K, committed 14592K, reserved 1114112K
  class space    used 1440K, committed 1536K, reserved 1048576K
}
Event: 2.844 GC heap before
{Heap before GC invocations=3 (full 0):
 PSYoungGen      total 29696K, used 29667K [0x00000000eab00000, 0x00000000ecc00000, 0x0000000100000000)
  eden space 25600K, 100% used [0x00000000eab00000,0x00000000ec400000,0x00000000ec400000)
  from space 4096K, 99% used [0x00000000ec800000,0x00000000ecbf8ff0,0x00000000ecc00000)
  to   space 4096K, 0% used [0x00000000ec400000,0x00000000ec400000,0x00000000ec800000)
 ParOldGen       total 68608K, used 1582K [0x00000000c0000000, 0x00000000c4300000, 0x00000000eab00000)
  object space 68608K, 2% used [0x00000000c0000000,0x00000000c018bb80,0x00000000c4300000)
 Metaspace       used 15976K, committed 16192K, reserved 1114112K
  class space    used 1608K, committed 1728K, reserved 1048576K
}
Event: 2.850 GC heap after
{Heap after GC invocations=3 (full 0):
 PSYoungGen      total 29696K, used 4079K [0x00000000eab00000, 0x00000000ecc00000, 0x0000000100000000)
  eden space 25600K, 0% used [0x00000000eab00000,0x00000000eab00000,0x00000000ec400000)
  from space 4096K, 99% used [0x00000000ec400000,0x00000000ec7fbeb0,0x00000000ec800000)
  to   space 4096K, 0% used [0x00000000ec800000,0x00000000ec800000,0x00000000ecc00000)
 ParOldGen       total 68608K, used 5500K [0x00000000c0000000, 0x00000000c4300000, 0x00000000eab00000)
  object space 68608K, 8% used [0x00000000c0000000,0x00000000c055f388,0x00000000c4300000)
 Metaspace       used 15976K, committed 16192K, reserved 1114112K
  class space    used 1608K, committed 1728K, reserved 1048576K
}
Event: 4.132 GC heap before
{Heap before GC invocations=4 (full 0):
 PSYoungGen      total 29696K, used 29679K [0x00000000eab00000, 0x00000000ecc00000, 0x0000000100000000)
  eden space 25600K, 100% used [0x00000000eab00000,0x00000000ec400000,0x00000000ec400000)
  from space 4096K, 99% used [0x00000000ec400000,0x00000000ec7fbeb0,0x00000000ec800000)
  to   space 4096K, 0% used [0x00000000ec800000,0x00000000ec800000,0x00000000ecc00000)
 ParOldGen       total 68608K, used 5500K [0x00000000c0000000, 0x00000000c4300000, 0x00000000eab00000)
  object space 68608K, 8% used [0x00000000c0000000,0x00000000c055f388,0x00000000c4300000)
 Metaspace       used 19362K, committed 19712K, reserved 1114112K
  class space    used 1968K, committed 2112K, reserved 1048576K
}
Event: 4.137 GC heap after
{Heap after GC invocations=4 (full 0):
 PSYoungGen      total 29696K, used 4083K [0x00000000eab00000, 0x00000000ecc00000, 0x0000000100000000)
  eden space 25600K, 0% used [0x00000000eab00000,0x00000000eab00000,0x00000000ec400000)
  from space 4096K, 99% used [0x00000000ec800000,0x00000000ecbfce40,0x00000000ecc00000)
  to   space 4096K, 0% used [0x00000000ec400000,0x00000000ec400000,0x00000000ec800000)
 ParOldGen       total 68608K, used 6411K [0x00000000c0000000, 0x00000000c4300000, 0x00000000eab00000)
  object space 68608K, 9% used [0x00000000c0000000,0x00000000c0642f50,0x00000000c4300000)
 Metaspace       used 19362K, committed 19712K, reserved 1114112K
  class space    used 1968K, committed 2112K, reserved 1048576K
}

Dll operation events (9 events):
Event: 0.018 Loaded shared library c:\Users\mohammed\.vscode\extensions\redhat.java-1.36.0-win32-x64\jre\17.0.13-win32-x86_64\bin\java.dll
Event: 0.283 Loaded shared library c:\Users\mohammed\.vscode\extensions\redhat.java-1.36.0-win32-x64\jre\17.0.13-win32-x86_64\bin\zip.dll
Event: 0.286 Loaded shared library C:\Users\mohammed\.vscode\extensions\redhat.java-1.36.0-win32-x64\jre\17.0.13-win32-x86_64\bin\instrument.dll
Event: 0.303 Loaded shared library C:\Users\mohammed\.vscode\extensions\redhat.java-1.36.0-win32-x64\jre\17.0.13-win32-x86_64\bin\net.dll
Event: 0.306 Loaded shared library C:\Users\mohammed\.vscode\extensions\redhat.java-1.36.0-win32-x64\jre\17.0.13-win32-x86_64\bin\nio.dll
Event: 0.315 Loaded shared library C:\Users\mohammed\.vscode\extensions\redhat.java-1.36.0-win32-x64\jre\17.0.13-win32-x86_64\bin\zip.dll
Event: 0.337 Loaded shared library C:\Users\mohammed\.vscode\extensions\redhat.java-1.36.0-win32-x64\jre\17.0.13-win32-x86_64\bin\jimage.dll
Event: 0.417 Loaded shared library c:\Users\mohammed\.vscode\extensions\redhat.java-1.36.0-win32-x64\jre\17.0.13-win32-x86_64\bin\verify.dll
Event: 2.199 Loaded shared library C:\Users\mohammed\AppData\Roaming\Code\User\globalStorage\redhat.java\1.36.0\config_win\org.eclipse.equinox.launcher\org.eclipse.equinox.launcher.win32.win32.x86_64_1.2.1100.v20240722-2106\eclipse_11904.dll

Deoptimization events (20 events):
Event: 3.817 Thread 0x0000020b649a3da0 DEOPT PACKING pc=0x0000020b4cfa63f6 sp=0x0000006c11bf8490
Event: 3.817 Thread 0x0000020b649a3da0 DEOPT UNPACKING pc=0x0000020b540ea9e3 sp=0x0000006c11bf7950 mode 0
Event: 3.952 Thread 0x0000020b649a3da0 Uncommon trap: trap_request=0xffffff45 fr.pc=0x0000020b54739bf4 relative=0x0000000000000314
Event: 3.952 Thread 0x0000020b649a3da0 Uncommon trap: reason=unstable_if action=reinterpret pc=0x0000020b54739bf4 method=com.sun.org.apache.xerces.internal.impl.XMLEntityScanner.skipSpaces()Z @ 88 c2
Event: 3.952 Thread 0x0000020b649a3da0 DEOPT PACKING pc=0x0000020b54739bf4 sp=0x0000006c11bf8670
Event: 3.952 Thread 0x0000020b649a3da0 DEOPT UNPACKING pc=0x0000020b540e9ea3 sp=0x0000006c11bf8608 mode 2
Event: 3.952 Thread 0x0000020b649a3da0 Uncommon trap: trap_request=0xffffff45 fr.pc=0x0000020b54739258 relative=0x00000000000000b8
Event: 3.952 Thread 0x0000020b649a3da0 Uncommon trap: reason=unstable_if action=reinterpret pc=0x0000020b54739258 method=com.sun.org.apache.xerces.internal.impl.XMLEntityScanner.peekChar()I @ 51 c2
Event: 3.952 Thread 0x0000020b649a3da0 DEOPT PACKING pc=0x0000020b54739258 sp=0x0000006c11bf85c0
Event: 3.952 Thread 0x0000020b649a3da0 DEOPT UNPACKING pc=0x0000020b540e9ea3 sp=0x0000006c11bf8548 mode 2
Event: 3.970 Thread 0x0000020b649a3da0 Uncommon trap: trap_request=0xffffffcc fr.pc=0x0000020b5473d988 relative=0x00000000000001e8
Event: 3.970 Thread 0x0000020b649a3da0 Uncommon trap: reason=intrinsic_or_type_checked_inlining action=make_not_entrant pc=0x0000020b5473d988 method=java.util.Arrays.copyOf([Ljava/lang/Object;ILjava/lang/Class;)[Ljava/lang/Object; @ 35 c2
Event: 3.970 Thread 0x0000020b649a3da0 DEOPT PACKING pc=0x0000020b5473d988 sp=0x0000006c11bfb9f0
Event: 3.970 Thread 0x0000020b649a3da0 DEOPT UNPACKING pc=0x0000020b540e9ea3 sp=0x0000006c11bfb980 mode 2
Event: 4.116 Thread 0x0000020b649a3da0 Uncommon trap: trap_request=0xffffff45 fr.pc=0x0000020b5473cb00 relative=0x00000000000004a0
Event: 4.116 Thread 0x0000020b649a3da0 Uncommon trap: reason=unstable_if action=reinterpret pc=0x0000020b5473cb00 method=com.sun.org.apache.xerces.internal.impl.XMLEntityScanner.scanLiteral(ILcom/sun/org/apache/xerces/internal/xni/XMLString;Z)I @ 299 c2
Event: 4.116 Thread 0x0000020b649a3da0 DEOPT PACKING pc=0x0000020b5473cb00 sp=0x0000006c11bfd4e0
Event: 4.116 Thread 0x0000020b649a3da0 DEOPT UNPACKING pc=0x0000020b540e9ea3 sp=0x0000006c11bfd470 mode 2
Event: 4.308 Thread 0x0000020b649a3da0 DEOPT PACKING pc=0x0000020b4cc47993 sp=0x0000006c11bfc840
Event: 4.308 Thread 0x0000020b649a3da0 DEOPT UNPACKING pc=0x0000020b540ea9e3 sp=0x0000006c11bfbd60 mode 0

Classes loaded (20 events):
Event: 4.380 Loading class java/time/format/DateTimeFormatterBuilder$InstantPrinterParser
Event: 4.380 Loading class java/time/format/DateTimeFormatterBuilder$InstantPrinterParser done
Event: 4.380 Loading class java/time/format/TextStyle
Event: 4.380 Loading class java/time/format/TextStyle done
Event: 4.380 Loading class java/time/format/DateTimeTextProvider$LocaleStore
Event: 4.380 Loading class java/time/format/DateTimeTextProvider$LocaleStore done
Event: 4.380 Loading class java/time/format/DateTimeTextProvider
Event: 4.381 Loading class java/time/format/DateTimeTextProvider done
Event: 4.381 Loading class java/time/format/DateTimeTextProvider$1
Event: 4.381 Loading class java/time/format/DateTimeTextProvider$1 done
Event: 4.381 Loading class java/time/format/DateTimeFormatterBuilder$1
Event: 4.381 Loading class java/time/format/DateTimeFormatterBuilder$1 done
Event: 4.381 Loading class java/time/format/DateTimeFormatterBuilder$TextPrinterParser
Event: 4.381 Loading class java/time/format/DateTimeFormatterBuilder$TextPrinterParser done
Event: 4.381 Loading class java/time/Period
Event: 4.382 Loading class java/time/chrono/ChronoPeriod
Event: 4.382 Loading class java/time/chrono/ChronoPeriod done
Event: 4.382 Loading class java/time/Period done
Event: 4.432 Loading class java/util/concurrent/TimeoutException
Event: 4.432 Loading class java/util/concurrent/TimeoutException done

Classes unloaded (0 events):
No events

Classes redefined (0 events):
No events

Internal exceptions (20 events):
Event: 1.285 Thread 0x0000020b49ed8730 Implicit null exception at 0x0000020b54678d8f to 0x0000020b54678e05
Event: 1.413 Thread 0x0000020b49ed8730 Exception <a 'java/lang/NoSuchMethodError'{0x00000000eab1d680}: 'int java.lang.invoke.DirectMethodHandle$Holder.invokeStaticInit(java.lang.Object, java.lang.Object, java.lang.Object, java.lang.Object)'> (0x00000000eab1d680) 
thrown [s\src\hotspot\share\interpreter\linkResolver.cpp, line 759]
Event: 1.415 Thread 0x0000020b49ed8730 Exception <a 'java/lang/NoSuchMethodError'{0x00000000eab27de8}: 'java.lang.Object java.lang.invoke.DirectMethodHandle$Holder.invokeInterface(java.lang.Object, java.lang.Object)'> (0x00000000eab27de8) 
thrown [s\src\hotspot\share\interpreter\linkResolver.cpp, line 759]
Event: 1.416 Thread 0x0000020b49ed8730 Exception <a 'java/lang/IncompatibleClassChangeError'{0x00000000eab2b5e0}: Found class java.lang.Object, but interface was expected> (0x00000000eab2b5e0) 
thrown [s\src\hotspot\share\interpreter\linkResolver.cpp, line 826]
Event: 1.416 Thread 0x0000020b49ed8730 Exception <a 'java/lang/NoSuchMethodError'{0x00000000eab2fac0}: 'void java.lang.invoke.DirectMethodHandle$Holder.invokeStatic(java.lang.Object, java.lang.Object)'> (0x00000000eab2fac0) 
thrown [s\src\hotspot\share\interpreter\linkResolver.cpp, line 759]
Event: 1.417 Thread 0x0000020b49ed8730 Exception <a 'java/lang/NoSuchMethodError'{0x00000000eab332c0}: 'void java.lang.invoke.DirectMethodHandle$Holder.invokeStaticInit(java.lang.Object, java.lang.Object)'> (0x00000000eab332c0) 
thrown [s\src\hotspot\share\interpreter\linkResolver.cpp, line 759]
Event: 1.418 Thread 0x0000020b49ed8730 Exception <a 'java/lang/NoSuchMethodError'{0x00000000eab3a9e0}: 'int java.lang.invoke.DirectMethodHandle$Holder.invokeStaticInit(java.lang.Object, java.lang.Object)'> (0x00000000eab3a9e0) 
thrown [s\src\hotspot\share\interpreter\linkResolver.cpp, line 759]
Event: 1.636 Thread 0x0000020b49ed8730 Exception <a 'java/lang/NoSuchMethodError'{0x00000000eaccc828}: 'void java.lang.invoke.DirectMethodHandle$Holder.invokeSpecial(java.lang.Object, java.lang.Object, java.lang.Object)'> (0x00000000eaccc828) 
thrown [s\src\hotspot\share\interpreter\linkResolver.cpp, line 759]
Event: 2.014 Thread 0x0000020b49ed8730 Exception <a 'java/lang/NoSuchMethodError'{0x00000000ebab5b70}: 'java.lang.Object java.lang.invoke.DirectMethodHandle$Holder.newInvokeSpecial(java.lang.Object, int, java.lang.Object)'> (0x00000000ebab5b70) 
thrown [s\src\hotspot\share\interpreter\linkResolver.cpp, line 759]
Event: 2.197 Thread 0x0000020b49ed8730 Exception <a 'java/lang/UnsatisfiedLinkError'{0x00000000ec09a1a0}: 'void org.eclipse.equinox.launcher.JNIBridge._update_splash()'> (0x00000000ec09a1a0) 
thrown [s\src\hotspot\share\prims\nativeLookup.cpp, line 543]
Event: 2.251 Thread 0x0000020b64206030 Exception <a 'java/lang/NoSuchMethodError'{0x00000000ec1699b8}: 'java.lang.Object java.lang.invoke.Invokers$Holder.invokeExact_MT(java.lang.Object, java.lang.Object, java.lang.Object, java.lang.Object, java.lang.Object, java.lang.Object)'> (0x00000000ec1699b8) 
thrown [s\src\hotspot\share\interpreter\linkResolver.cpp, line 759]
Event: 2.253 Thread 0x0000020b64206030 Exception <a 'java/lang/NoSuchMethodError'{0x00000000ec17d530}: 'int java.lang.invoke.DirectMethodHandle$Holder.invokeSpecial(java.lang.Object, java.lang.Object, java.lang.Object)'> (0x00000000ec17d530) 
thrown [s\src\hotspot\share\interpreter\linkResolver.cpp, line 759]
Event: 2.394 Thread 0x0000020b649a3da0 Exception <a 'java/lang/NoSuchMethodError'{0x00000000eadcc290}: 'java.lang.Object java.lang.invoke.DirectMethodHandle$Holder.invokeStaticInit(java.lang.Object)'> (0x00000000eadcc290) 
thrown [s\src\hotspot\share\interpreter\linkResolver.cpp, line 759]
Event: 2.419 Thread 0x0000020b649a3da0 Exception <a 'java/lang/NoSuchMethodError'{0x00000000eae96560}: 'java.lang.Object java.lang.invoke.DirectMethodHandle$Holder.newInvokeSpecial(java.lang.Object, java.lang.Object, int, java.lang.Object)'> (0x00000000eae96560) 
thrown [s\src\hotspot\share\interpreter\linkResolver.cpp, line 759]
Event: 2.420 Thread 0x0000020b649a3da0 Exception <a 'java/lang/NoSuchMethodError'{0x00000000eae9a848}: 'java.lang.Object java.lang.invoke.DirectMethodHandle$Holder.invokeSpecial(java.lang.Object, java.lang.Object, java.lang.Object, int, java.lang.Object)'> (0x00000000eae9a848) 
thrown [s\src\hotspot\share\interpreter\linkResolver.cpp, line 759]
Event: 2.478 Thread 0x0000020b649a3da0 Exception <a 'java/lang/ClassNotFoundException'{0x00000000eb0ebea0}: sun/util/logging/resources/spi/loggingProvider> (0x00000000eb0ebea0) 
thrown [s\src\hotspot\share\classfile\systemDictionary.cpp, line 256]
Event: 2.929 Thread 0x0000020b649a3da0 Exception <a 'java/lang/NullPointerException'{0x00000000eaf63cd0}> (0x00000000eaf63cd0) 
thrown [s\src\hotspot\share\interpreter\linkResolver.cpp, line 1350]
Event: 2.929 Thread 0x0000020b649a3da0 Exception <a 'java/lang/NullPointerException'{0x00000000eaf63fa8}> (0x00000000eaf63fa8) 
thrown [s\src\hotspot\share\interpreter\linkResolver.cpp, line 1350]
Event: 4.030 Thread 0x0000020b649a3da0 Exception <a 'java/io/FileNotFoundException'{0x00000000ec263890}> (0x00000000ec263890) 
thrown [s\src\hotspot\share\prims\jni.cpp, line 516]
Event: 4.325 Thread 0x0000020b649a3da0 Exception <a 'java/lang/NoSuchMethodError'{0x00000000eae46728}: 'java.lang.Object java.lang.invoke.Invokers$Holder.linkToTargetMethod(java.lang.Object, long, java.lang.Object)'> (0x00000000eae46728) 
thrown [s\src\hotspot\share\interpreter\linkResolver.cpp, line 759]

VM Operations (20 events):
Event: 2.010 Executing VM operation: HandshakeAllThreads
Event: 2.010 Executing VM operation: HandshakeAllThreads done
Event: 2.324 Executing VM operation: ParallelGCFailedAllocation
Event: 2.330 Executing VM operation: ParallelGCFailedAllocation done
Event: 2.381 Executing VM operation: HandshakeAllThreads
Event: 2.381 Executing VM operation: HandshakeAllThreads done
Event: 2.451 Executing VM operation: HandshakeAllThreads
Event: 2.451 Executing VM operation: HandshakeAllThreads done
Event: 2.517 Executing VM operation: HandshakeAllThreads
Event: 2.517 Executing VM operation: HandshakeAllThreads done
Event: 2.537 Executing VM operation: HandshakeAllThreads
Event: 2.537 Executing VM operation: HandshakeAllThreads done
Event: 2.844 Executing VM operation: ParallelGCFailedAllocation
Event: 2.850 Executing VM operation: ParallelGCFailedAllocation done
Event: 2.910 Executing VM operation: HandshakeAllThreads
Event: 2.926 Executing VM operation: HandshakeAllThreads done
Event: 3.926 Executing VM operation: Cleanup
Event: 3.936 Executing VM operation: Cleanup done
Event: 4.132 Executing VM operation: ParallelGCFailedAllocation
Event: 4.137 Executing VM operation: ParallelGCFailedAllocation done

Memory protections (0 events):
No events

Nmethod flushes (0 events):
No events

Events (20 events):
Event: 0.130 Thread 0x0000020b49ed8730 Thread added: 0x0000020b62e31900
Event: 0.132 Thread 0x0000020b49ed8730 Thread added: 0x0000020b62ebe5f0
Event: 0.132 Thread 0x0000020b49ed8730 Thread added: 0x0000020b62ec67d0
Event: 0.227 Thread 0x0000020b49ed8730 Thread added: 0x0000020b62f575d0
Event: 0.574 Thread 0x0000020b49ed8730 Thread added: 0x0000020b630fff90
Event: 0.742 Thread 0x0000020b62ebe5f0 Thread added: 0x0000020b64035a40
Event: 0.850 Thread 0x0000020b62ebe5f0 Thread added: 0x0000020b6450ffb0
Event: 1.119 Thread 0x0000020b6450ffb0 Thread exited: 0x0000020b6450ffb0
Event: 1.409 Thread 0x0000020b64035a40 Thread exited: 0x0000020b64035a40
Event: 1.716 Thread 0x0000020b62ebe5f0 Thread added: 0x0000020b6450d630
Event: 1.982 Thread 0x0000020b49ed8730 Thread added: 0x0000020b649bc290
Event: 2.194 Thread 0x0000020b62ebe5f0 Thread added: 0x0000020b649ae760
Event: 2.196 Thread 0x0000020b49ed8730 Thread added: 0x0000020b64206030
Event: 2.271 Thread 0x0000020b64206030 Thread added: 0x0000020b649a34f0
Event: 2.296 Thread 0x0000020b49ed8730 Thread added: 0x0000020b649a3da0
Event: 2.451 Thread 0x0000020b649ae760 Thread exited: 0x0000020b649ae760
Event: 2.726 Thread 0x0000020b649a3da0 Thread added: 0x0000020b64e99240
Event: 2.888 Thread 0x0000020b649a3da0 Thread added: 0x0000020b652c7170
Event: 3.017 Thread 0x0000020b649a3da0 Thread added: 0x0000020b652c5820
Event: 3.043 Thread 0x0000020b6450d630 Thread exited: 0x0000020b6450d630


Dynamic libraries:
0x00007ff6caa40000 - 0x00007ff6caa4e000 	c:\Users\mohammed\.vscode\extensions\redhat.java-1.36.0-win32-x64\jre\17.0.13-win32-x86_64\bin\java.exe
0x00007ff8e1a70000 - 0x00007ff8e1c87000 	C:\WINDOWS\SYSTEM32\ntdll.dll
0x00007ff8e0dc0000 - 0x00007ff8e0e84000 	C:\WINDOWS\System32\KERNEL32.DLL
0x00007ff8df030000 - 0x00007ff8df3e9000 	C:\WINDOWS\System32\KERNELBASE.dll
0x00007ff8def10000 - 0x00007ff8df021000 	C:\WINDOWS\System32\ucrtbase.dll
0x00007ff8afa30000 - 0x00007ff8afa47000 	c:\Users\mohammed\.vscode\extensions\redhat.java-1.36.0-win32-x64\jre\17.0.13-win32-x86_64\bin\jli.dll
0x00007ff8e11b0000 - 0x00007ff8e135e000 	C:\WINDOWS\System32\USER32.dll
0x00007ff8df630000 - 0x00007ff8df656000 	C:\WINDOWS\System32\win32u.dll
0x00007ff8e0e90000 - 0x00007ff8e0eb9000 	C:\WINDOWS\System32\GDI32.dll
0x00007ff8df510000 - 0x00007ff8df62b000 	C:\WINDOWS\System32\gdi32full.dll
0x00007ff8df470000 - 0x00007ff8df50a000 	C:\WINDOWS\System32\msvcp_win.dll
0x00007ff8afa50000 - 0x00007ff8afa6e000 	c:\Users\mohammed\.vscode\extensions\redhat.java-1.36.0-win32-x64\jre\17.0.13-win32-x86_64\bin\VCRUNTIME140.dll
0x00007ff8c6200000 - 0x00007ff8c6492000 	C:\WINDOWS\WinSxS\amd64_microsoft.windows.common-controls_6595b64144ccf1df_6.0.22621.4391_none_2715d37f73803e96\COMCTL32.dll
0x00007ff8e0d10000 - 0x00007ff8e0db7000 	C:\WINDOWS\System32\msvcrt.dll
0x00007ff8e1360000 - 0x00007ff8e1391000 	C:\WINDOWS\System32\IMM32.DLL
0x00007ff8c3470000 - 0x00007ff8c347c000 	c:\Users\mohammed\.vscode\extensions\redhat.java-1.36.0-win32-x64\jre\17.0.13-win32-x86_64\bin\vcruntime140_1.dll
0x00007ff85a6f0000 - 0x00007ff85a77d000 	c:\Users\mohammed\.vscode\extensions\redhat.java-1.36.0-win32-x64\jre\17.0.13-win32-x86_64\bin\msvcp140.dll
0x00007ff858df0000 - 0x00007ff859a5b000 	c:\Users\mohammed\.vscode\extensions\redhat.java-1.36.0-win32-x64\jre\17.0.13-win32-x86_64\bin\server\jvm.dll
0x00007ff8e13a0000 - 0x00007ff8e1452000 	C:\WINDOWS\System32\ADVAPI32.dll
0x00007ff8e1460000 - 0x00007ff8e1507000 	C:\WINDOWS\System32\sechost.dll
0x00007ff8ded70000 - 0x00007ff8ded98000 	C:\WINDOWS\System32\bcrypt.dll
0x00007ff8e0100000 - 0x00007ff8e0214000 	C:\WINDOWS\System32\RPCRT4.dll
0x00007ff8e0070000 - 0x00007ff8e00e1000 	C:\WINDOWS\System32\WS2_32.dll
0x00007ff8d39a0000 - 0x00007ff8d39d4000 	C:\WINDOWS\SYSTEM32\WINMM.dll
0x00007ff8ddbc0000 - 0x00007ff8ddc0d000 	C:\WINDOWS\SYSTEM32\POWRPROF.dll
0x00007ff8d4000000 - 0x00007ff8d400a000 	C:\WINDOWS\SYSTEM32\VERSION.dll
0x00007ff8ddba0000 - 0x00007ff8ddbb3000 	C:\WINDOWS\SYSTEM32\UMPDC.dll
0x00007ff8dde60000 - 0x00007ff8dde78000 	C:\WINDOWS\SYSTEM32\kernel.appcore.dll
0x00007ff8af9f0000 - 0x00007ff8af9fa000 	c:\Users\mohammed\.vscode\extensions\redhat.java-1.36.0-win32-x64\jre\17.0.13-win32-x86_64\bin\jimage.dll
0x00007ff8dc1b0000 - 0x00007ff8dc3e2000 	C:\WINDOWS\SYSTEM32\DBGHELP.DLL
0x00007ff8e0350000 - 0x00007ff8e06df000 	C:\WINDOWS\System32\combase.dll
0x00007ff8e1950000 - 0x00007ff8e1a27000 	C:\WINDOWS\System32\OLEAUT32.dll
0x00007ff8cf710000 - 0x00007ff8cf742000 	C:\WINDOWS\SYSTEM32\dbgcore.DLL
0x00007ff8df3f0000 - 0x00007ff8df46b000 	C:\WINDOWS\System32\bcryptPrimitives.dll
0x00007ff8d1e50000 - 0x00007ff8d1e5e000 	c:\Users\mohammed\.vscode\extensions\redhat.java-1.36.0-win32-x64\jre\17.0.13-win32-x86_64\bin\instrument.dll
0x00007ff85a6c0000 - 0x00007ff85a6e5000 	c:\Users\mohammed\.vscode\extensions\redhat.java-1.36.0-win32-x64\jre\17.0.13-win32-x86_64\bin\java.dll
0x00007ff85a670000 - 0x00007ff85a688000 	c:\Users\mohammed\.vscode\extensions\redhat.java-1.36.0-win32-x64\jre\17.0.13-win32-x86_64\bin\zip.dll
0x00007ff8df7f0000 - 0x00007ff8e0066000 	C:\WINDOWS\System32\SHELL32.dll
0x00007ff8dcc70000 - 0x00007ff8dd573000 	C:\WINDOWS\SYSTEM32\windows.storage.dll
0x00007ff8dcb30000 - 0x00007ff8dcc6f000 	C:\WINDOWS\SYSTEM32\wintypes.dll
0x00007ff8e0b60000 - 0x00007ff8e0c59000 	C:\WINDOWS\System32\SHCORE.dll
0x00007ff8df790000 - 0x00007ff8df7ee000 	C:\WINDOWS\System32\shlwapi.dll
0x00007ff8deca0000 - 0x00007ff8deccb000 	C:\WINDOWS\SYSTEM32\profapi.dll
0x00007ff8d4680000 - 0x00007ff8d4699000 	C:\Users\mohammed\.vscode\extensions\redhat.java-1.36.0-win32-x64\jre\17.0.13-win32-x86_64\bin\net.dll
0x00007ff8d6720000 - 0x00007ff8d6856000 	C:\WINDOWS\SYSTEM32\WINHTTP.dll
0x00007ff8de2d0000 - 0x00007ff8de339000 	C:\WINDOWS\system32\mswsock.dll
0x00007ff8d39f0000 - 0x00007ff8d3a06000 	C:\Users\mohammed\.vscode\extensions\redhat.java-1.36.0-win32-x64\jre\17.0.13-win32-x86_64\bin\nio.dll
0x00007ff8d1980000 - 0x00007ff8d1990000 	c:\Users\mohammed\.vscode\extensions\redhat.java-1.36.0-win32-x64\jre\17.0.13-win32-x86_64\bin\verify.dll
0x00007ff84c910000 - 0x00007ff84c955000 	C:\Users\mohammed\AppData\Roaming\Code\User\globalStorage\redhat.java\1.36.0\config_win\org.eclipse.equinox.launcher\org.eclipse.equinox.launcher.win32.win32.x86_64_1.2.1100.v20240722-2106\eclipse_11904.dll
0x00007ff8e0f00000 - 0x00007ff8e10a5000 	C:\WINDOWS\System32\ole32.dll

dbghelp: loaded successfully - version: 4.0.5 - missing functions: none
symbol engine: initialized successfully - sym options: 0x614 - pdb path: .;c:\Users\mohammed\.vscode\extensions\redhat.java-1.36.0-win32-x64\jre\17.0.13-win32-x86_64\bin;C:\WINDOWS\SYSTEM32;C:\WINDOWS\WinSxS\amd64_microsoft.windows.common-controls_6595b64144ccf1df_6.0.22621.4391_none_2715d37f73803e96;c:\Users\mohammed\.vscode\extensions\redhat.java-1.36.0-win32-x64\jre\17.0.13-win32-x86_64\bin\server;C:\Users\mohammed\AppData\Roaming\Code\User\globalStorage\redhat.java\1.36.0\config_win\org.eclipse.equinox.launcher\org.eclipse.equinox.launcher.win32.win32.x86_64_1.2.1100.v20240722-2106

VM Arguments:
jvm_args: --add-modules=ALL-SYSTEM --add-opens=java.base/java.util=ALL-UNNAMED --add-opens=java.base/java.lang=ALL-UNNAMED --add-opens=java.base/sun.nio.fs=ALL-UNNAMED -Declipse.application=org.eclipse.jdt.ls.core.id1 -Dosgi.bundles.defaultStartLevel=4 -Declipse.product=org.eclipse.jdt.ls.core.product -Djava.import.generatesMetadataFilesAtProjectRoot=false -DDetectVMInstallationsJob.disabled=true -Dfile.encoding=utf8 -XX:+UseParallelGC -XX:GCTimeRatio=4 -XX:AdaptiveSizePolicyWeight=90 -Dsun.zip.disableMemoryMapping=true -Xmx1G -Xms100m -Xlog:disable -javaagent:c:\Users\mohammed\.vscode\extensions\redhat.java-1.36.0-win32-x64\lombok\lombok-1.18.35.jar -XX:+HeapDumpOnOutOfMemoryError -XX:HeapDumpPath=c:\Users\mohammed\AppData\Roaming\Code\User\workspaceStorage\0e49ef0006c265f852caf844c994fd11\redhat.java -Daether.dependencyCollector.impl=bf 
java_command: c:\Users\mohammed\.vscode\extensions\redhat.java-1.36.0-win32-x64\server\plugins\org.eclipse.equinox.launcher_1.6.900.v20240613-2009.jar -configuration c:\Users\mohammed\AppData\Roaming\Code\User\globalStorage\redhat.java\1.36.0\config_win -data c:\Users\mohammed\AppData\Roaming\Code\User\workspaceStorage\0e49ef0006c265f852caf844c994fd11\redhat.java\jdt_ws --pipe=\\.\pipe\lsp-4be24f8cda91fe0b654e96b6418d61b7-sock
java_class_path (initial): c:\Users\mohammed\.vscode\extensions\redhat.java-1.36.0-win32-x64\server\plugins\org.eclipse.equinox.launcher_1.6.900.v20240613-2009.jar
Launcher Type: SUN_STANDARD

[Global flags]
    uintx AdaptiveSizePolicyWeight                 = 90                                        {product} {command line}
     intx CICompilerCount                          = 4                                         {product} {ergonomic}
    uintx GCTimeRatio                              = 4                                         {product} {command line}
     bool HeapDumpOnOutOfMemoryError               = true                                   {manageable} {command line}
    ccstr HeapDumpPath                             = c:\Users\mohammed\AppData\Roaming\Code\User\workspaceStorage\0e49ef0006c265f852caf844c994fd11\redhat.java         {manageable} {command line}
   size_t InitialHeapSize                          = 104857600                                 {product} {command line}
   size_t MaxHeapSize                              = 1073741824                                {product} {command line}
   size_t MaxNewSize                               = 357564416                                 {product} {ergonomic}
   size_t MinHeapDeltaBytes                        = 524288                                    {product} {ergonomic}
   size_t MinHeapSize                              = 104857600                                 {product} {command line}
   size_t NewSize                                  = 34603008                                  {product} {ergonomic}
    uintx NonNMethodCodeHeapSize                   = 5839372                                {pd product} {ergonomic}
    uintx NonProfiledCodeHeapSize                  = 122909434                              {pd product} {ergonomic}
   size_t OldSize                                  = 70254592                                  {product} {ergonomic}
    uintx ProfiledCodeHeapSize                     = 122909434                              {pd product} {ergonomic}
    uintx ReservedCodeCacheSize                    = 251658240                              {pd product} {ergonomic}
     bool SegmentedCodeCache                       = true                                      {product} {ergonomic}
   size_t SoftMaxHeapSize                          = 1073741824                             {manageable} {ergonomic}
     bool UseCompressedClassPointers               = true                           {product lp64_product} {ergonomic}
     bool UseCompressedOops                        = true                           {product lp64_product} {ergonomic}
     bool UseLargePagesIndividualAllocation        = false                                  {pd product} {ergonomic}
     bool UseParallelGC                            = true                                      {product} {command line}

Logging:
Log output configuration:
 #0: stdout all=off uptime,level,tags
 #1: stderr all=off uptime,level,tags

Environment Variables:
JAVA_HOME=C:\Program Files\Java\jdk-21
CLASSPATH=.;C:\PROGRA~1\IBM\SQLLIB\java\db2java.zip;C:\PROGRA~1\IBM\SQLLIB\java\db2jcc4.jar;C:\PROGRA~1\IBM\SQLLIB\java\sqlj4.zip;C:\PROGRA~1\IBM\SQLLIB\java\DB2JCC~1.JAR;C:\PROGRA~1\IBM\SQLLIB\java\DB2JCC~2.JAR;C:\PROGRA~1\IBM\SQLLIB\BIN;C:\PROGRA~1\IBM\SQLLIB\java\Common.jar
PATH=D:\oracle\Database\bin;C:\Program Files (x86)\VMware\VMware Workstation\bin\;C:\Program Files\Microsoft\jdk-11.0.16.101-hotspot\bin;C:\Program Files\Microsoft MPI\Bin\;C:\Program Files (x86)\Microsoft Visual Studio\Shared\Python39_64\Scripts\;C:\Program Files (x86)\Microsoft Visual Studio\Shared\Python39_64\;C:\oraclexe\app\oracle\product\11.2.0\server\bin;C:\Program Files\NVIDIA GPU Computing Toolkit\CUDA\v11.6\bin;C:\Program Files\NVIDIA GPU Computing Toolkit\CUDA\v11.6\libnvvp;C:\Program Files\Java\jdk1.8.0_231\bin;C:\Program Files\odoo 14\python;C:\Program Files\BellSoft\LibericaJDK-8\bin\;C:\Program Files\Common Files\Oracle\Java\javapath;C:\Program Files (x86)\Common Files\Oracle\Java\java8path;C:\Program Files (x86)\Common Files\Oracle\Java\javapath;C:\WINDOWS\system32;C:\WINDOWS;C:\WINDOWS\System32\Wbem;C:\WINDOWS\System32\WindowsPowerShell\v1.0\;C:\WINDOWS\System32\OpenSSH\;C:\Program Files\Intel\WiFi\bin\;C:\Program Files\Common Files\Intel\WirelessCommon\;C:\Program Files\NVIDIA Corporation\NVIDIA NvDLISR;C:\Program Files (x86)\NVIDIA Corporation\PhysX\Common;C:\Program Files\Microsoft SQL Server\150\Tools\Binn\;C:\Program Files\Microsoft SQL Server\Client SDK\ODBC\170\Tools\Binn\;C:\Program Files\ibm\gsk8\lib64;C:\Program Files (x86)\ibm\gsk8\lib;C:\PROGRA~1\IBM\SQLLIB\BIN;C:\PROGRA~1\IBM\SQLLIB\FUNCTION;C:\PROGRA~1\IBM\SQLLIB\SAMPLES\REPL;C:\Program Files\Git\cmd;C:\Program Files\NVIDIA Corporation\Nsight Compute 2022.1.0\;C:\Program Files\PuTTY\;C:\Program Files\dotnet\;C:\WINDOWS\system32;C:\WINDOWS;C:\WINDOWS\System32\Wbem;C:\WINDOWS\System32\WindowsPowerShell\v1.0\;C:\WINDOWS\System32\OpenSSH\;C:\Program Files\Azure Data Studio\bin;C:\MinGW\bin;C:\ProgramData\Microsoft\Windows\Start Menu\Programs\Python 3.9\scripts;C:\Users\mohammed\Documents\compilqtion\cygwin\bin;C:\Program Files (x86)\Microsoft SQL Server\160\Tools\Binn\;C:\Program Files\Microsoft SQL Server\;C:\Program Files (x86)\Microsoft SQL Server\;C:\xampp\php;C:\composer;C:\Users\mohamme
USERNAME=mohammed
OS=Windows_NT
PROCESSOR_IDENTIFIER=Intel64 Family 6 Model 140 Stepping 1, GenuineIntel
TMP=C:\Users\mohammed\AppData\Local\Temp
TEMP=C:\Users\mohammed\AppData\Local\Temp



Periodic native trim disabled


---------------  S Y S T E M  ---------------

OS:
 Windows 11 , 64 bit Build 22621 (10.0.22621.4391)
OS uptime: 2 days 18:39 hours
Hyper-V role detected

CPU: total 8 (initial active 8) (4 cores per cpu, 2 threads per core) family 6 model 140 stepping 1 microcode 0x60, cx8, cmov, fxsr, ht, mmx, 3dnowpref, sse, sse2, sse3, ssse3, sse4.1, sse4.2, popcnt, lzcnt, tsc, tscinvbit, avx, avx2, aes, erms, clmul, bmi1, bmi2, adx, avx512f, avx512dq, avx512cd, avx512bw, avx512vl, sha, fma, vzeroupper, avx512_vpopcntdq, avx512_vpclmulqdq, avx512_vaes, avx512_vnni, clflush, clflushopt, clwb, avx512_vbmi2, avx512_vbmi, hv
Processor Information for all 8 processors :
  Max Mhz: 2803, Current Mhz: 2803, Mhz Limit: 2803

Memory: 4k page, system-wide physical 32469M (11211M free)
TotalPageFile size 41554M (AvailPageFile size 0M)
current process WorkingSet (physical memory assigned to process): 115M, peak: 115M
current process commit charge ("private bytes"): 224M, peak: 224M

vm_info: OpenJDK 64-Bit Server VM (17.0.13+11) for windows-amd64 JRE (17.0.13+11), built on Oct 16 2024 00:10:08 by "admin" with MS VC++ 17.7 (VS2022)

END.
